<?xml version="1.0" encoding="UTF-8"?>
<testsuite name="net.fullstack10.demo.service.BbsServiceTests" tests="1" skipped="0" failures="0" errors="0" timestamp="2025-05-20T06:10:42.105Z" hostname="DONGGYU" time="3.31">
  <properties/>
  <testcase name="testBbsModify()" classname="net.fullstack10.demo.service.BbsServiceTests" time="3.31"/>
  <system-out><![CDATA[15:10:26.877 [Test worker] INFO org.springframework.test.context.support.AnnotationConfigContextLoaderUtils -- Could not detect default configuration classes for test class [net.fullstack10.demo.service.BbsServiceTests]: BbsServiceTests does not declare any static, non-private, non-final, nested classes annotated with @Configuration.
15:10:27.237 [Test worker] INFO org.springframework.boot.test.context.SpringBootTestContextBootstrapper -- Found @SpringBootConfiguration net.fullstack10.demo.DemoApplication for test class net.fullstack10.demo.service.BbsServiceTests

  .   ____          _            __ _ _
 /\\ / ___'_ __ _ _(_)_ __  __ _ \ \ \ \
( ( )\___ | '_ | '_| | '_ \/ _` | \ \ \ \
 \\/  ___)| |_)| | | | | || (_| |  ) ) ) )
  '  |____| .__|_| |_|_| |_\__, | / / / /
 =========|_|==============|___/=/_/_/_/

 :: Spring Boot ::                (v3.4.5)

2025-05-20T15:10:29.293+09:00  INFO 9628 --- [demo] [    Test worker] n.f.demo.service.BbsServiceTests         : Starting BbsServiceTests using Java 17.0.8 with PID 9628 (started by DongGyu in D:\java10\SpringBoot\demo)
2025-05-20T15:10:29.297+09:00  INFO 9628 --- [demo] [    Test worker] n.f.demo.service.BbsServiceTests         : No active profile set, falling back to 1 default profile: "default"
2025-05-20T15:10:31.873+09:00  INFO 9628 --- [demo] [    Test worker] .s.d.r.c.RepositoryConfigurationDelegate : Bootstrapping Spring Data JPA repositories in DEFAULT mode.
2025-05-20T15:10:32.008+09:00  INFO 9628 --- [demo] [    Test worker] .s.d.r.c.RepositoryConfigurationDelegate : Finished Spring Data repository scanning in 115 ms. Found 1 JPA repository interface.
2025-05-20T15:10:34.313+09:00  INFO 9628 --- [demo] [    Test worker] o.hibernate.jpa.internal.util.LogHelper  : HHH000204: Processing PersistenceUnitInfo [name: default]
2025-05-20T15:10:34.579+09:00  INFO 9628 --- [demo] [    Test worker] org.hibernate.Version                    : HHH000412: Hibernate ORM core version 6.6.13.Final
2025-05-20T15:10:34.692+09:00  INFO 9628 --- [demo] [    Test worker] o.h.c.internal.RegionFactoryInitiator    : HHH000026: Second-level cache disabled
2025-05-20T15:10:35.594+09:00  INFO 9628 --- [demo] [    Test worker] o.s.o.j.p.SpringPersistenceUnitInfo      : No LoadTimeWeaver setup: ignoring JPA class transformer
2025-05-20T15:10:35.716+09:00  INFO 9628 --- [demo] [    Test worker] com.zaxxer.hikari.HikariDataSource       : HikariPool-1 - Starting...
2025-05-20T15:10:35.967+09:00  INFO 9628 --- [demo] [    Test worker] com.zaxxer.hikari.pool.HikariPool        : HikariPool-1 - Added connection org.mariadb.jdbc.Connection@2bd4780c
2025-05-20T15:10:35.972+09:00  INFO 9628 --- [demo] [    Test worker] com.zaxxer.hikari.HikariDataSource       : HikariPool-1 - Start completed.
2025-05-20T15:10:36.197+09:00  INFO 9628 --- [demo] [    Test worker] org.hibernate.orm.connections.pooling    : HHH10001005: Database info:
	Database JDBC URL [Connecting through datasource 'HikariDataSource (HikariPool-1)']
	Database driver: undefined/unknown
	Database version: 10.11.11
	Autocommit mode: undefined/unknown
	Isolation level: undefined/unknown
	Minimum pool size: undefined/unknown
	Maximum pool size: undefined/unknown
2025-05-20T15:10:38.910+09:00  INFO 9628 --- [demo] [    Test worker] o.h.e.t.j.p.i.JtaPlatformInitiator       : HHH000489: No JTA platform available (set 'hibernate.transaction.jta.platform' to enable JTA platform integration)
Hibernate: 
    alter table if exists tbl_board 
       modify column display_date varchar(20) null comment '출력날짜' collate 'utf8mb4_unicode_ci'
Hibernate: 
    alter table if exists tbl_board 
       modify column title varchar(200) not null comment '글 제목' collate 'utf8mb4_unicode_ci'
Hibernate: 
    alter table if exists tbl_board 
       modify column user_id varchar(20) not null comment '멤버 아이디' collate 'utf8mb4_unicode_ci'
2025-05-20T15:10:39.155+09:00  INFO 9628 --- [demo] [    Test worker] j.LocalContainerEntityManagerFactoryBean : Initialized JPA EntityManagerFactory for persistence unit 'default'
2025-05-20T15:10:39.939+09:00  INFO 9628 --- [demo] [    Test worker] o.s.d.j.r.query.QueryEnhancerFactory     : Hibernate is in classpath; If applicable, HQL parser will be used.
2025-05-20T15:10:40.554+09:00  WARN 9628 --- [demo] [    Test worker] JpaBaseConfiguration$JpaWebConfiguration : spring.jpa.open-in-view is enabled by default. Therefore, database queries may be performed during view rendering. Explicitly configure spring.jpa.open-in-view to disable this warning
2025-05-20T15:10:42.066+09:00  INFO 9628 --- [demo] [    Test worker] n.f.demo.service.BbsServiceTests         : Started BbsServiceTests in 14.064 seconds (process running for 17.994)
2025-05-20T15:10:45.045+09:00  INFO 9628 --- [demo] [    Test worker] n.f.demo.service.BbsServiceTests         : ================================
Hibernate: 
    insert 
    into
        tbl_board
        (content, display_date, read_cnt, reg_date, title, user_id) 
    values
        (?, ?, ?, ?, ?, ?)
2025-05-20T15:10:45.311+09:00  INFO 9628 --- [demo] [    Test worker] n.f.demo.service.BbsServiceTests         : bsServiceTests >> testBbsView >> rtnResult : 102
2025-05-20T15:10:45.312+09:00  INFO 9628 --- [demo] [    Test worker] n.f.demo.service.BbsServiceTests         : ================================
]]></system-out>
  <system-err><![CDATA[]]></system-err>
</testsuite>
